<?xml version="1.0" encoding="UTF-8"?>
<testsuite name="com.bloomtech.welcomeletter.MasteryTask_4_FormLetterService" tests="1" skipped="0" failures="0" errors="0" timestamp="2024-08-03T04:53:26" hostname="DESKTOP-HRH8VKH" time="0.026">
  <properties/>
  <testcase name="generateFormLetter_returnsWelcomeLetter()" classname="com.bloomtech.welcomeletter.MasteryTask_4_FormLetterService" time="0.026"/>
  <system-out><![CDATA[]]></system-out>
  <system-err><![CDATA[]]></system-err>
</testsuite>
